(11210, 16556)
(11210, 16558)
data_pool: 11655
data_pool: 141655
data_pool: 151655
data_pool: 1655
data_pool: 16550
data_pool: 16551
data_pool: 16552
data_pool: 16553
data_pool: 16554
data_pool: 16555
data_pool: 16556
data_pool: 16557
data_pool: 16558
data_pool: 16559
data_pool: 21655
(11210, 16556)
(11210, 16558)
16555
16555
16555
16556
16556
16551
16551
16555
16555
16550
16550
16550
16553
16553
16553
21655
21655
11655
11655
16552
16552
16552
16558
16558
16557
16557
16555
16555
16555
16555
16555
16555
21655
151655
16555
16555
16555
16554
16554
16554
151655
16559
16553
16553
16553
16559
16559
16559
1655
1655
151655
16556
16556
16556
16556
141655
21655
16550
16550
16550
151655
151655
16550
16550
16550
16554
16554
16554
16552
16552
16552
16557
16557
16556
16556
16554
16554
16554
11655
11655
11655
11655
11655
11655
11655
11655
151655
141655
16558
16558
16550
16550
16550
141655
16556
16552
16552
16552
21655
151655
141655
141655
16558
16558
16557
16557
11655
11655
11655
11655
11655
11655
11655
11655
21655
21655
11655
11655
11655
11655
16558
16558
16558
141655
16559
16559
16559
16558
16558
1655
1655
1655
1655
1655
1655
1655
1655
16557
16556
16556
16551
16551
1655
1655
1655
1655
1655
1655
1655
1655
16552
16552
16550
16550
16552
16552
16552
16554
21655
16553
16553
16553
16551
16551
16551
16557
16557
16553
16553
16553
141655
16557
16557
16558
16558
16559
16559
16559
1655
1655
1655
1655
141655
16551
16551
16556
16556
16553
21655
16557
16557
16559
16559
16559
16551
16551
16551
16551
16554
16554
16554
141655
